0 info it worked if it ends with ok
1 verbose cli [ '/usr/bin/nodejs', '/usr/bin/npm', 'run', 'dev:server' ]
2 info using npm@3.5.2
3 info using node@v4.2.6
4 verbose run-script [ 'predev:server', 'dev:server', 'postdev:server' ]
5 info lifecycle fullstack-2018-03-02@0.0.0~predev:server: fullstack-2018-03-02@0.0.0
6 silly lifecycle fullstack-2018-03-02@0.0.0~predev:server: no script for predev:server, continuing
7 info lifecycle fullstack-2018-03-02@0.0.0~dev:server: fullstack-2018-03-02@0.0.0
8 verbose lifecycle fullstack-2018-03-02@0.0.0~dev:server: unsafe-perm in lifecycle true
9 verbose lifecycle fullstack-2018-03-02@0.0.0~dev:server: PATH: /usr/share/npm/bin/node-gyp-bin:/home/ajay/code/millithink/Project-3/node_modules/.bin:/home/ajay/bin:/home/ajay/.local/bin:/home/ajay/bin:/home/ajay/.local/bin:/usr/local/sbin:/usr/local/bin:/usr/sbin:/usr/bin:/sbin:/bin:/usr/games:/usr/local/games:/snap/bin:/snap/bin
10 verbose lifecycle fullstack-2018-03-02@0.0.0~dev:server: CWD: /home/ajay/code/millithink/Project-3
11 silly lifecycle fullstack-2018-03-02@0.0.0~dev:server: Args: [ '-c', 'cd server && npm run dev' ]
12 silly lifecycle fullstack-2018-03-02@0.0.0~dev:server: Returned: code: 1  signal: null
13 info lifecycle fullstack-2018-03-02@0.0.0~dev:server: Failed to exec dev:server script
14 verbose stack Error: fullstack-2018-03-02@0.0.0 dev:server: `cd server && npm run dev`
14 verbose stack Exit status 1
14 verbose stack     at EventEmitter.<anonymous> (/usr/share/npm/lib/utils/lifecycle.js:232:16)
14 verbose stack     at emitTwo (events.js:87:13)
14 verbose stack     at EventEmitter.emit (events.js:172:7)
14 verbose stack     at ChildProcess.<anonymous> (/usr/share/npm/lib/utils/spawn.js:24:14)
14 verbose stack     at emitTwo (events.js:87:13)
14 verbose stack     at ChildProcess.emit (events.js:172:7)
14 verbose stack     at maybeClose (internal/child_process.js:821:16)
14 verbose stack     at Process.ChildProcess._handle.onexit (internal/child_process.js:211:5)
15 verbose pkgid fullstack-2018-03-02@0.0.0
16 verbose cwd /home/ajay/code/millithink/Project-3
17 error Linux 4.13.0-36-generic
18 error argv "/usr/bin/nodejs" "/usr/bin/npm" "run" "dev:server"
19 error node v4.2.6
20 error npm  v3.5.2
21 error code ELIFECYCLE
22 error fullstack-2018-03-02@0.0.0 dev:server: `cd server && npm run dev`
22 error Exit status 1
23 error Failed at the fullstack-2018-03-02@0.0.0 dev:server script 'cd server && npm run dev'.
23 error Make sure you have the latest version of node.js and npm installed.
23 error If you do, this is most likely a problem with the fullstack-2018-03-02 package,
23 error not with npm itself.
23 error Tell the author that this fails on your system:
23 error     cd server && npm run dev
23 error You can get information on how to open an issue for this project with:
23 error     npm bugs fullstack-2018-03-02
23 error Or if that isn't available, you can get their info via:
23 error     npm owner ls fullstack-2018-03-02
23 error There is likely additional logging output above.
24 verbose exit [ 1, true ]
